<?xml version="1.0" encoding="UTF-8"?>
<testsuite name="com.techtest.scrumretroapi.controller.RetrospectiveApiControllerTest" tests="7" skipped="0" failures="0" errors="0" timestamp="2024-03-19T10:18:26" hostname="HP-Z210-Desktop" time="0.289">
  <properties/>
  <testcase name="testGetAllRetrospectivesByDateSuccess()" classname="com.techtest.scrumretroapi.controller.RetrospectiveApiControllerTest" time="0.137"/>
  <testcase name="testAddFeedbackToRetrospective()" classname="com.techtest.scrumretroapi.controller.RetrospectiveApiControllerTest" time="0.021"/>
  <testcase name="testGetAllRetrospectivesFail()" classname="com.techtest.scrumretroapi.controller.RetrospectiveApiControllerTest" time="0.028"/>
  <testcase name="testGetAllRetrospectivesByDateFail()" classname="com.techtest.scrumretroapi.controller.RetrospectiveApiControllerTest" time="0.013"/>
  <testcase name="testUpdateFeedbackItem()" classname="com.techtest.scrumretroapi.controller.RetrospectiveApiControllerTest" time="0.013"/>
  <testcase name="testGetAllRetrospectivesSuccess()" classname="com.techtest.scrumretroapi.controller.RetrospectiveApiControllerTest" time="0.027"/>
  <testcase name="testCreateNewRetrospective()" classname="com.techtest.scrumretroapi.controller.RetrospectiveApiControllerTest" time="0.014"/>
  <system-out><![CDATA[10:18:19.784 [Test worker] INFO org.springframework.test.context.support.AnnotationConfigContextLoaderUtils -- Could not detect default configuration classes for test class [com.techtest.scrumretroapi.controller.RetrospectiveApiControllerTest]: RetrospectiveApiControllerTest does not declare any static, non-private, non-final, nested classes annotated with @Configuration.
10:18:19.958 [Test worker] INFO org.springframework.boot.test.context.SpringBootTestContextBootstrapper -- Found @SpringBootConfiguration com.techtest.scrumretroapi.ScrumRetroApiApplication for test class com.techtest.scrumretroapi.controller.RetrospectiveApiControllerTest

  .   ____          _            __ _ _
 /\\ / ___'_ __ _ _(_)_ __  __ _ \ \ \ \
( ( )\___ | '_ | '_| | '_ \/ _` | \ \ \ \
 \\/  ___)| |_)| | | | | || (_| |  ) ) ) )
  '  |____| .__|_| |_|_| |_\__, | / / / /
 =========|_|==============|___/=/_/_/_/
 :: Spring Boot ::                (v3.2.3)

2024-03-19T10:18:20.359Z  INFO 12299 --- [template] [    Test worker] c.t.s.c.RetrospectiveApiControllerTest   : Starting RetrospectiveApiControllerTest using Java 17.0.4.1 with PID 12299 (started by lukejwm in /home/lukejwm/SIS_interview/CodingExercise/ScrumRetroApi)
2024-03-19T10:18:20.362Z  INFO 12299 --- [template] [    Test worker] c.t.s.c.RetrospectiveApiControllerTest   : No active profile set, falling back to 1 default profile: "default"
2024-03-19T10:18:21.039Z  INFO 12299 --- [template] [    Test worker] .s.d.r.c.RepositoryConfigurationDelegate : Bootstrapping Spring Data JPA repositories in DEFAULT mode.
2024-03-19T10:18:21.084Z  INFO 12299 --- [template] [    Test worker] .s.d.r.c.RepositoryConfigurationDelegate : Finished Spring Data repository scanning in 37 ms. Found 1 JPA repository interface.
2024-03-19T10:18:22.119Z  INFO 12299 --- [template] [    Test worker] o.hibernate.jpa.internal.util.LogHelper  : HHH000204: Processing PersistenceUnitInfo [name: default]
2024-03-19T10:18:22.181Z  INFO 12299 --- [template] [    Test worker] org.hibernate.Version                    : HHH000412: Hibernate ORM core version 6.4.4.Final
2024-03-19T10:18:22.223Z  INFO 12299 --- [template] [    Test worker] o.h.c.internal.RegionFactoryInitiator    : HHH000026: Second-level cache disabled
2024-03-19T10:18:22.452Z  INFO 12299 --- [template] [    Test worker] o.s.o.j.p.SpringPersistenceUnitInfo      : No LoadTimeWeaver setup: ignoring JPA class transformer
2024-03-19T10:18:22.475Z  INFO 12299 --- [template] [    Test worker] com.zaxxer.hikari.HikariDataSource       : HikariPool-1 - Starting...
2024-03-19T10:18:22.632Z  INFO 12299 --- [template] [    Test worker] com.zaxxer.hikari.pool.HikariPool        : HikariPool-1 - Added connection conn0: url=jdbc:h2:mem:retrodb user=SA
2024-03-19T10:18:22.634Z  INFO 12299 --- [template] [    Test worker] com.zaxxer.hikari.HikariDataSource       : HikariPool-1 - Start completed.
2024-03-19T10:18:23.494Z  INFO 12299 --- [template] [    Test worker] o.h.e.t.j.p.i.JtaPlatformInitiator       : HHH000489: No JTA platform available (set 'hibernate.transaction.jta.platform' to enable JTA platform integration)
2024-03-19T10:18:23.540Z  INFO 12299 --- [template] [    Test worker] j.LocalContainerEntityManagerFactoryBean : Initialized JPA EntityManagerFactory for persistence unit 'default'
2024-03-19T10:18:23.929Z  INFO 12299 --- [template] [    Test worker] o.s.d.j.r.query.QueryEnhancerFactory     : Hibernate is in classpath; If applicable, HQL parser will be used.
2024-03-19T10:18:25.805Z  INFO 12299 --- [template] [    Test worker] o.s.b.a.h2.H2ConsoleAutoConfiguration    : H2 console available at '/h2-console'. Database available at 'jdbc:h2:mem:retrodb'
2024-03-19T10:18:25.876Z  INFO 12299 --- [template] [    Test worker] o.s.b.a.e.web.EndpointLinksResolver      : Exposing 1 endpoint(s) beneath base path '/actuator'
2024-03-19T10:18:25.970Z  INFO 12299 --- [template] [    Test worker] c.t.s.c.RetrospectiveApiControllerTest   : Started RetrospectiveApiControllerTest in 5.874 seconds (process running for 7.018)
2024-03-19T10:18:26.803Z  INFO 12299 --- [template] [    Test worker] c.t.s.c.RetrospectiveApiController       : API invoked: httpMethod=GET, path=retrospectives/filter?{date} (date=2024-03-19)
2024-03-19T10:18:26.815Z  INFO 12299 --- [template] [    Test worker] c.t.s.c.RetrospectiveApiController       : Successfully found all retrospectives with date: 2024-03-19. Returning status OK
2024-03-19T10:18:26.885Z  INFO 12299 --- [template] [    Test worker] c.t.s.c.RetrospectiveApiController       : API Invoked: httpMethod=PUT path='/retrospective/name/feedback'
2024-03-19T10:18:26.887Z  INFO 12299 --- [template] [    Test worker] c.t.s.c.RetrospectiveApiController       : Attempting to add new feedback for retrospective with values: FeedbackItem(name=null, body=null, feedbackType=null)
2024-03-19T10:18:26.887Z  INFO 12299 --- [template] [    Test worker] c.t.s.c.RetrospectiveApiController       : Feedback for retrospective 'name' successfully added. Returning status OK
2024-03-19T10:18:26.920Z  INFO 12299 --- [template] [    Test worker] c.t.s.c.RetrospectiveApiController       : API invoked: httpMethod=GET, path=/retrospectives/all
2024-03-19T10:18:26.920Z  INFO 12299 --- [template] [    Test worker] c.t.s.c.RetrospectiveApiController       : Attempting to get all retrospectives with pagination page=0, pageSize=10
2024-03-19T10:18:26.921Z  WARN 12299 --- [template] [    Test worker] c.t.s.c.RetrospectiveApiController       : No retrospectives found. Returning status NOT FOUND
2024-03-19T10:18:26.942Z  INFO 12299 --- [template] [    Test worker] c.t.s.c.RetrospectiveApiController       : API invoked: httpMethod=GET, path=retrospectives/filter?{date} (date=2024-03-19)
2024-03-19T10:18:26.943Z  WARN 12299 --- [template] [    Test worker] c.t.s.c.RetrospectiveApiController       : No retrospectives found with date 2024-03-19. Returning status NOT FOUND
2024-03-19T10:18:26.960Z  INFO 12299 --- [template] [    Test worker] c.t.s.c.RetrospectiveApiController       : API Invoked: httpMethod=PUT path='/retrospective/name/feedback/1'
2024-03-19T10:18:26.961Z  INFO 12299 --- [template] [    Test worker] c.t.s.c.RetrospectiveApiController       : Updating feedback for retrospective: name, item ID: 1
2024-03-19T10:18:26.961Z  INFO 12299 --- [template] [    Test worker] c.t.s.c.RetrospectiveApiController       : Attempting to update feedback for retrospective with values: FeedbackItem(name=null, body=null, feedbackType=null)
2024-03-19T10:18:26.962Z  INFO 12299 --- [template] [    Test worker] c.t.s.c.RetrospectiveApiController       : Feedback for retrospective 'name', feedback item '1' successfully updated. Returning status OK
2024-03-19T10:18:26.978Z  INFO 12299 --- [template] [    Test worker] c.t.s.c.RetrospectiveApiController       : API invoked: httpMethod=GET, path=/retrospectives/all
2024-03-19T10:18:26.980Z  INFO 12299 --- [template] [    Test worker] c.t.s.c.RetrospectiveApiController       : Attempting to get all retrospectives with pagination page=0, pageSize=10
2024-03-19T10:18:26.981Z  INFO 12299 --- [template] [    Test worker] c.t.s.c.RetrospectiveApiController       : Successfully found all retrospectives. Returning status OK
2024-03-19T10:18:27.011Z  INFO 12299 --- [template] [    Test worker] c.t.s.c.RetrospectiveApiController       : API Invoked: httpMethod=POST, path='/retrospective'
2024-03-19T10:18:27.013Z  INFO 12299 --- [template] [    Test worker] c.t.s.c.RetrospectiveApiController       : Attempting to create new retrospective with values: com.techtest.scrumretroapi.entity.Retrospective@30f51f8a
2024-03-19T10:18:27.014Z  INFO 12299 --- [template] [    Test worker] c.t.s.c.RetrospectiveApiController       : Successfully created new retrospective: null
]]></system-out>
  <system-err><![CDATA[]]></system-err>
</testsuite>
