<?xml version="1.0" encoding="UTF-8"?>
<testsuite name="com.techtest.scrumretroapi.entity.integration.EntityJpaIntegrationTest" tests="1" skipped="0" failures="0" errors="0" timestamp="2024-03-19T10:18:27" hostname="HP-Z210-Desktop" time="0.011">
  <properties/>
  <testcase name="testRetrospectiveWithFeedbackData()" classname="com.techtest.scrumretroapi.entity.integration.EntityJpaIntegrationTest" time="0.011"/>
  <system-out><![CDATA[2024-03-19T10:18:27.164Z  INFO 12299 --- [template] [    Test worker] t.c.s.AnnotationConfigContextLoaderUtils : Could not detect default configuration classes for test class [com.techtest.scrumretroapi.entity.integration.EntityJpaIntegrationTest]: EntityJpaIntegrationTest does not declare any static, non-private, non-final, nested classes annotated with @Configuration.
2024-03-19T10:18:27.200Z  INFO 12299 --- [template] [    Test worker] .b.t.c.SpringBootTestContextBootstrapper : Found @SpringBootConfiguration com.techtest.scrumretroapi.ScrumRetroApiApplication for test class com.techtest.scrumretroapi.entity.integration.EntityJpaIntegrationTest
2024-03-19T10:18:27.394Z  INFO 12299 --- [template] [    Test worker] c.t.s.service.RetrospectiveService       : Attempting to retrieve retrospectives for date: 2024-03-19
]]></system-out>
  <system-err><![CDATA[]]></system-err>
</testsuite>
