<?xml version="1.0" encoding="UTF-8"?>
<testsuite name="com.techtest.scrumretroapi.service.RetrospectiveServiceTest" tests="5" skipped="0" failures="0" errors="0" timestamp="2024-03-19T10:18:27" hostname="HP-Z210-Desktop" time="0.059">
  <properties/>
  <testcase name="testGetRetrospectivesByDate()" classname="com.techtest.scrumretroapi.service.RetrospectiveServiceTest" time="0.008"/>
  <testcase name="testUpdateFeedbackForRetrospective()" classname="com.techtest.scrumretroapi.service.RetrospectiveServiceTest" time="0.011"/>
  <testcase name="testCreateNewFeedbackForRetrospective()" classname="com.techtest.scrumretroapi.service.RetrospectiveServiceTest" time="0.009"/>
  <testcase name="testGetAllRetrospectives()" classname="com.techtest.scrumretroapi.service.RetrospectiveServiceTest" time="0.007"/>
  <testcase name="testCreateNewRetrospective()" classname="com.techtest.scrumretroapi.service.RetrospectiveServiceTest" time="0.009"/>
  <system-out><![CDATA[2024-03-19T10:18:27.468Z  INFO 12299 --- [template] [    Test worker] t.c.s.AnnotationConfigContextLoaderUtils : Could not detect default configuration classes for test class [com.techtest.scrumretroapi.service.RetrospectiveServiceTest]: RetrospectiveServiceTest does not declare any static, non-private, non-final, nested classes annotated with @Configuration.
2024-03-19T10:18:27.480Z  INFO 12299 --- [template] [    Test worker] .b.t.c.SpringBootTestContextBootstrapper : Found @SpringBootConfiguration com.techtest.scrumretroapi.ScrumRetroApiApplication for test class com.techtest.scrumretroapi.service.RetrospectiveServiceTest
2024-03-19T10:18:27.491Z  INFO 12299 --- [template] [    Test worker] c.t.s.service.RetrospectiveService       : Attempting to retrieve retrospectives for date: 2024-03-19
2024-03-19T10:18:27.505Z  INFO 12299 --- [template] [    Test worker] c.t.s.service.RetrospectiveService       : Updating feedback for retrospective: retrospectiveName, item ID: 1
2024-03-19T10:18:27.506Z  WARN 12299 --- [template] [    Test worker] c.t.s.service.RetrospectiveService       : Unable to update feedback for feedback item number: 1. Does not exist for retrospective retrospectiveName
2024-03-19T10:18:27.520Z  INFO 12299 --- [template] [    Test worker] c.t.s.service.RetrospectiveService       : Adding new feedback to retrospective: retrospectiveName
2024-03-19T10:18:27.543Z  INFO 12299 --- [template] [    Test worker] c.t.s.service.RetrospectiveService       : Creating a new retrospective with name: null
2024-03-19T10:18:27.543Z  INFO 12299 --- [template] [    Test worker] c.t.s.service.RetrospectiveService       : New retrospective created successfully
]]></system-out>
  <system-err><![CDATA[]]></system-err>
</testsuite>
